Ccr9 Ccr9 -1 M0039 0.689065122657797
Ccr9 Ccl25 -1 M0039 1.00631179126049
Ccr9 Ccl25 -1 M0039 0.999670096277995
Ccl25 Rag1 1 M0039 0.476159182235648
Dntt Dntt -1 M0039 0.828564913090791
Dntt Rag1 -1 M0039 0.69635647463225
Dntt Rag1 -1 M0039 0.727474559611097
Rag1 Rag1 -1 M0039 0.752184416301176
Ccr9 Ccr9 -1 M0039 0.689065122657797
Ccr9 Ccl25 -1 M0039 1.00631179126049
Ccr9 Dntt -1 M0039 0.341090101937093
Ccr9 Dntt -1 M0039 0.344891443484447
Ccr9 Rag1 -1 M0039 0.341021249523063
Ccr9 Rag1 -1 M0039 0.339159950068192
Ccr9 Ccl25 -1 M0039 0.999670096277995
Ccl25 Dntt 1 M0039 0.497720807801776
Ccl25 Dntt 1 M0039 0.480236357785323
Ccl25 Rag1 1 M0039 0.476159182235648
Ccl25 Rag1 1 M0039 0.368151570854308
Dntt Dntt -1 M0039 0.828564913090791
Dntt Rag1 -1 M0039 0.69635647463225
Dntt Rag1 -1 M0039 0.375101814169135
Dntt Rag1 -1 M0039 0.727474559611097
Dntt Rag1 -1 M0039 0.397746186471035
Rag1 Rag1 -1 M0039 0.752184416301176
