Bcl6 Bcl6 -1 M0039 0.770573320996811
Bcl6 Birc5 -1 M0039 0.438909348893186
Bcl6 Ccna2 1 M0039 0.427312587191477
Bcl6 Il16 -1 M0039 0.676591909734501
Bcl6 Birc5 -1 M0039 0.434619277180637
Bcl6 Ccna2 1 M0039 0.420859044213014
Bcl6 Il16 -1 M0039 0.675342486594299
Pold1 Apex1 -1 M0039 0.648837225532913
Pold1 Birc5 1 M0039 0.440271013469401
Pold1 Ccna2 1 M0039 0.470811301357694
Pold1 Lig1 -1 M0039 0.663842299923147
Pold1 Pcna 1 M0039 0.674445301012778
Ccne1 Birc5 1 M0039 0.502930206751189
Ccne1 Ccna2 1 M0039 0.830171448286603
Ccne1 Ccna2 1 M0039 0.671075877578684
Ccne1 Lig1 -1 M0039 0.3993523679612
Ccne1 Pcna 1 M0039 0.494782656403303
Ccne1 Itgb7 1 M0039 0.414504543303688
Apex1 Birc5 1 M0039 0.39478883534488
Apex1 Lig1 -1 M0039 0.653054641453529
Apex1 Pcna 1 M0039 0.639721366108166
Birc5 Ccna2 1 M0039 0.651819278152958
Birc5 Lig1 -1 M0039 0.57786222918988
Birc5 Top2a 1 M0039 0.640243994352254
Birc5 Pcna 1 M0039 0.6500308227525
Ccna2 Ccna2 -1 M0039 0.674536697457635
Ccna2 Lig1 -1 M0039 0.609224862548554
Ccna2 Top2a -1 M0039 0.669573784949151
Ccna2 Pcna 1 M0039 0.668758776981066
Ccna2 Lig1 -1 M0039 0.647380414530874
Ccna2 Top2a -1 M0039 0.617926763843046
Ccna2 Pcna 1 M0039 0.638826479208896
Lig1 Top2a 1 M0039 0.477508414287949
Lig1 Pcna 1 M0039 0.669846721201114
Top2a Pcna 1 M0039 0.542656875233251
Top2a Pcna 1 M0039 0.520353927544337
Pcna Pcna -1 M0039 0.738220248555914
Bcl6 Bcl6 -1 M0039 0.770573320996811
Bcl6 Birc5 -1 M0039 0.438909348893186
Bcl6 Ccna2 1 M0039 0.427312587191477
Bcl6 Il16 -1 M0039 0.676591909734501
Bcl6 Birc5 -1 M0039 0.434619277180637
Bcl6 Ccna2 1 M0039 0.420859044213014
Bcl6 Il16 -1 M0039 0.675342486594299
Pold1 Apex1 -1 M0039 0.648837225532913
Pold1 Birc5 1 M0039 0.440271013469401
Pold1 Ccna2 1 M0039 0.470811301357694
Pold1 Lig1 -1 M0039 0.663842299923147
Pold1 Pcna 1 M0039 0.674445301012778
Ccne1 Birc5 1 M0039 0.502930206751189
Ccne1 Ccna2 1 M0039 0.830171448286603
Ccne1 Ccna2 1 M0039 0.671075877578684
Ccne1 Lig1 -1 M0039 0.3993523679612
Ccne1 Pcna 1 M0039 0.494782656403303
Ccne1 Itgb7 1 M0039 0.414504543303688
Apex1 Birc5 1 M0039 0.39478883534488
Apex1 Lig1 -1 M0039 0.653054641453529
Apex1 Pcna 1 M0039 0.639721366108166
Birc5 Ccna2 1 M0039 0.651819278152958
Birc5 Ccna2 1 M0039 0.37811811806941
Birc5 Lig1 -1 M0039 0.57786222918988
Birc5 Top2a 1 M0039 0.640243994352254
Birc5 Pcna 1 M0039 0.6500308227525
Birc5 Pcna 1 M0039 0.366238872719721
Ccna2 Ccna2 -1 M0039 0.674536697457635
Ccna2 Lig1 -1 M0039 0.609224862548554
Ccna2 Top2a -1 M0039 0.669573784949151
Ccna2 Top2a -1 M0039 0.366042691259019
Ccna2 Pcna 1 M0039 0.668758776981066
Ccna2 Pcna 1 M0039 0.375715493839943
Ccna2 Lig1 -1 M0039 0.647380414530874
Ccna2 Top2a -1 M0039 0.617926763843046
Ccna2 Pcna 1 M0039 0.638826479208896
Lig1 Top2a 1 M0039 0.477508414287949
Lig1 Pcna 1 M0039 0.669846721201114
Top2a Top2a -1 M0039 0.37500569772441
Top2a Pcna 1 M0039 0.542656875233251
Top2a Pcna 1 M0039 0.379687929082095
Top2a Pcna 1 M0039 0.520353927544337
Top2a Pcna 1 M0039 0.362907457043135
Pcna Pcna -1 M0039 0.738220248555914
