Tnfsf12 Mlh1 -1 M0039 0.408708839088259
Tnfsf12 Tnfrsf18 1 M0039 0.39066744218546
Tnfsf12 Cxcr5 -1 M0039 0.400334513780918
Tnfsf12 Cd14 -1 M0039 0.421333558610059
Tnfsf12 Cd7 1 M0039 0.4920000678042
Tnfsf12 Ccl5 1 M0039 0.41300008257126
Mlh1 Slc2a1 1 M0039 0.4056963849983
Mlh1 Ccr1 -1 M0039 0.441666717126613
Mlh1 Chek2 1 M0039 0.607000004933068
Mlh1 Rb1 -1 M0039 0.542670774900617
Mlh1 Irf1 1 M0039 0.407001127517806
Mlh1 Gadd45g -1 M0039 0.3870013040652
Cyba Sod2 -1 M0039 0.455356370251051
Cyba Apoe 1 M0039 0.419334625934394
Cyba Cat -1 M0039 0.463333333568638
Cyba Cd14 -1 M0039 0.39676075807536
Cyba Hmox1 1 M0039 0.456018364098666
Cyba Fcgr2b -1 M0039 0.395847578668769
Cyba Sod2 -1 M0039 0.455343544320628
Cyba Apoe 1 M0039 0.419334957409455
Cyba Cat -1 M0039 0.463333333483118
Cyba Cd14 -1 M0039 0.396804648051694
Cyba Hmox1 1 M0039 0.45601641554515
Cyba Fcgr2b -1 M0039 0.3958248487621
Slc2a1 Slc2a1 -1 M0039 0.7205113068227
Slc2a1 Apoe 1 M0039 0.405000057967432
Slc2a1 Mpo -1 M0039 0.406333440766878
Slc2a1 Stat2 -1 M0039 0.410000024551391
Slc2a1 Apoe 1 M0039 0.405000019945119
Slc2a1 Mpo -1 M0039 0.406333406602279
Slc2a1 Stat2 -1 M0039 0.410000025787496
F2r Mc4r -1 M0039 0.666666760096561
F2r Ccr1 -1 M0039 0.666666697211006
F2r Apoe 1 M0039 0.40766667529917
F2r Actb -1 M0039 0.66666667028138
F2r Ccr7 -1 M0039 0.6666670729252
F2r Rb1 -1 M0039 0.389333356218023
F2r Cxcr5 -1 M0039 0.666668103959399
F2r Cd14 -1 M0039 0.933333421134901
F2r Gzma -1 M0039 0.656000018061439
F2r Ccl5 1 M0039 0.666673457690398
F2r Ccl5 1 M0039 0.666673698532519
Mc4r Ccr1 1 M0039 0.666666697686944
Mc4r Apoe 1 M0039 0.410666688583646
Mc4r Actb -1 M0039 0.666666724042522
Mc4r Ccr7 1 M0039 0.666666695698407
Mc4r Cxcr5 1 M0039 0.666666691465574
Mc4r Cd14 1 M0039 0.666666666725839
Mc4r Hmox1 1 M0039 0.432000295280675
Mc4r Ccl5 1 M0039 0.666666668895504
Mc4r Ccl5 1 M0039 0.666666667857917
Gstm1 Chek2 1 M0039 0.66667248449107
Gstm1 Sod2 -1 M0039 0.486666670358363
Gstm1 Gstt1 1 M0039 0.998333775665287
Gstm1 Rb1 1 M0039 0.408666668886184
Gstm1 Cat 1 M0039 0.398736925616834
Gstm1 Hmox1 1 M0039 0.541000306830698
Gstm1 Mpo 1 M0039 0.418333345256519
Gstm1 Fcgr2b -1 M0039 0.417333355802965
S1pr1 Bad 1 M0039 0.413666667311224
S1pr1 Ccr7 1 M0039 0.444666667121009
S1pr1 Cxcr5 1 M0039 0.409666670429103
S1pr1 Sell 1 M0039 0.486666666864258
S1pr1 Ccl5 1 M0039 0.474666666695067
Ccr1 Apoe 1 M0039 0.439666766750716
Ccr1 Actb -1 M0039 0.666666670654937
Ccr1 Ccr7 1 M0039 0.717333448740877
Ccr1 Irf1 1 M0039 0.401666686727557
Ccr1 Cxcr5 1 M0039 0.66666668598721
Ccr1 Cd14 1 M0039 0.771333341659849
Ccr1 Sell 1 M0039 0.385333336304436
Ccr1 Fcgr2b -1 M0039 0.417333368818475
Ccr1 Itgb7 1 M0039 0.522333488322338
Ccr1 Ccl5 1 M0039 0.997333340296148
Ccr1 Ccl5 1 M0039 0.666666667377345
Pla2g6 Sod2 -1 M0039 0.439000034009514
Pla2g6 Cat -1 M0039 0.478333338301076
Pla2g6 Uchl1 -1 M0039 0.478333334378747
Chek2 Hfe -1 M0039 0.406000014169071
Chek2 Gstt1 -1 M0039 0.666666667108863
Chek2 Bak1 -1 M0039 0.406016789801292
Chek2 Ccr7 1 M0039 0.406000015269904
Chek2 Rb1 -1 M0039 0.593666666742785
Chek2 Gadd45g -1 M0039 0.47466667718629
Sod2 Hfe 1 M0039 0.42366760954606
Sod2 Apoe 1 M0039 0.455666673883273
Sod2 Bad 1 M0039 0.407001198194759
Sod2 Ccr7 1 M0039 0.406333447365784
Sod2 Rb1 1 M0039 0.435000041875243
Sod2 Cxcr5 1 M0039 0.409004579376142
Sod2 Cat 1 M0039 0.665666667049233
Sod2 Gadd45g 1 M0039 0.389337845399249
Sod2 Hmox1 1 M0039 0.504336364927888
Sod2 Mpo 1 M0039 0.592000045937726
Sod2 Sell 1 M0039 0.407001949690506
Sod2 Uchl1 -1 M0039 0.42871832396708
Sod2 Ccl5 1 M0039 0.407666707300383
Hfe Apoe 1 M0039 0.41703570123147
Hfe Bak1 -1 M0039 0.407002452720836
Hfe Rb1 1 M0039 0.405334573579328
Hfe Mpo 1 M0039 0.407036293933516
Hfe Cd7 1 M0039 0.666666715469918
Hfe Fcgr2b -1 M0039 0.666670123783227
Hfe Ccl5 1 M0039 0.408000114215031
Hfe Vpreb1 -1 M0039 0.66666986562059
Hfe Vpreb1 -1 M0039 0.66666977441829
Apoe Bad -1 M0039 0.425000912707228
Apoe Bak1 -1 M0039 0.405000005781258
Apoe Ccr7 -1 M0039 0.425000128678153
Apoe Cat -1 M0039 0.611333340198782
Apoe Cd14 -1 M0039 0.415333346718607
Apoe Gzma -1 M0039 0.405333343494656
Apoe Hmox1 -1 M0039 0.425333778444794
Apoe Mpo -1 M0039 0.443333380314007
Apoe Sell -1 M0039 0.405000001159767
Apoe Fcgr2b -1 M0039 0.406333334617822
Apoe Sepp1 -1 M0039 0.635666735716911
Apoe Ccl5 -1 M0039 0.42866667300292
Gstt1 Rb1 -1 M0039 0.408666729250911
Gstt1 Hmox1 1 M0039 0.42368492748603
Gstt1 Mpo -1 M0039 0.4183335564531
Cd36 Cd14 1 M0039 0.4266666891293
Cd36 Cd7 1 M0039 0.400004584649367
Cd36 Fcgr2b 1 M0039 0.559688185965206
Actb Ccr7 1 M0039 0.666666675804627
Actb Cxcr5 1 M0039 0.666666666878372
Actb Cd14 1 M0039 0.742333333719866
Actb Fcgr2b 1 M0039 0.666666672444321
Actb Itgb7 1 M0039 0.600000000441031
Bad Bak1 -1 M0039 0.64224485720408
Bad Ccr7 1 M0039 0.40767102863771
Bad Tnfrsf18 1 M0039 0.407003133078839
Bad Cat -1 M0039 0.408000000487106
Bad Fcgr2b -1 M0039 0.448001432848335
Bad Ccl5 1 M0039 0.409333340327871
Bak1 Rb1 1 M0039 0.447000440758306
Bak1 Irf1 1 M0039 0.394020575854843
Bak1 Ccnd3 1 M0039 0.404007696157008
Bak1 Itgb7 1 M0039 0.445061736635744
Ccr7 Tnfrsf18 1 M0039 0.417341389170848
Ccr7 Irf1 1 M0039 0.409003377521888
Ccr7 Cxcr5 1 M0039 0.721708519014975
Ccr7 Cat -1 M0039 0.40700002807241
Ccr7 Cd14 -1 M0039 0.770000348299594
Ccr7 Gzma 1 M0039 0.409333346395265
Ccr7 Sell 1 M0039 0.625072474497186
Ccr7 Ccl5 1 M0039 0.983668717460011
Ccr7 Ccl5 1 M0039 0.666670110655282
Ccr7 Stat2 -1 M0039 0.410666666755298
Rb1 Ccnd3 1 M0039 0.656333453493821
Rb1 Cat 1 M0039 0.405666668025993
Rb1 Hmox1 1 M0039 0.411667022694265
Rb1 Mpo 1 M0039 0.405333334599578
Rb1 Itgb7 1 M0039 0.406333488790605
Tnfrsf18 Mpo -1 M0039 0.465333368127781
Tnfrsf18 Sell 1 M0039 0.494490360415425
Tnfrsf18 Cd7 1 M0039 0.491333348055377
Irf1 Cd14 -1 M0039 0.46671352420302
Irf1 Itgb7 -1 M0039 0.443672399695484
Irf1 Ccl5 1 M0039 0.392334265214018
Irf1 Stat2 -1 M0039 0.567000003607735
Cxcr5 Cd14 -1 M0039 0.771334656318534
Cxcr5 Sell 1 M0039 0.447364797727787
Cxcr5 Cd7 1 M0039 0.427666904535778
Cxcr5 Ccl5 1 M0039 0.952333600344844
Cxcr5 Ccl5 1 M0039 0.666666887060951
Ccnd3 Itgb7 -1 M0039 0.440667495769735
Cat Hmox1 1 M0039 0.453333470566306
Cat Mpo -1 M0039 0.606333333948783
Cat Uchl1 -1 M0039 0.432333333380128
Cd14 Gzma 1 M0039 0.66666668408523
Cd14 Hmox1 1 M0039 0.398700985819556
Cd14 Mpo -1 M0039 0.428666678170747
Cd14 Sell 1 M0039 0.488334169717113
Cd14 Cd7 1 M0039 0.403333333419569
Cd14 Fcgr2b -1 M0039 0.854035184075183
Cd14 Ccl5 1 M0039 0.396000111672672
Gzma Sell 1 M0039 0.431666771660885
Gzma Cd7 1 M0039 0.66666666683543
Gzma Ccl5 1 M0039 0.434008272754717
Gzma Dbp -1 M0039 0.666666666701256
Gzma Vpreb1 -1 M0039 0.66666666700916
Gzma Vpreb1 -1 M0039 0.66666666678967
Hmox1 Mpo -1 M0039 0.564668616730637
Hmox1 Sepp1 1 M0039 0.408231648977638
Hmox1 Itgb7 -1 M0039 0.415666785438485
Hmox1 Stat2 -1 M0039 0.383666670418831
Mpo Mpo -1 M0039 0.848202823621149
Mpo Sell 1 M0039 0.444000129421541
Mpo Ccl5 1 M0039 0.431000017784806
Mpo Sell 1 M0039 0.444000023466825
Mpo Ccl5 1 M0039 0.431000048996987
Sell Cd7 -1 M0039 0.412333370775056
Sell Fcgr2b -1 M0039 0.508373585604886
Sell Itgb7 -1 M0039 0.422966900162895
Sell Ccl5 1 M0039 0.442690460094419
Sell Cd7 -1 M0039 0.412333415891704
Sell Fcgr2b -1 M0039 0.508420416439227
Sell Itgb7 -1 M0039 0.422577284256198
Sell Ccl5 1 M0039 0.442686963992139
Cd7 Fcgr2b -1 M0039 0.666666771432104
Cd7 Ccl5 1 M0039 0.666666742315721
Cd7 Ccl5 1 M0039 0.666666716686997
Cd7 Vpreb1 -1 M0039 0.666666696035327
Cd7 Vpreb1 -1 M0039 0.666666672257236
Fcgr2b Vpreb1 -1 M0039 0.666666669251359
Fcgr2b Vpreb1 -1 M0039 0.666666669109776
Ccl5 Ccl5 -1 M0039 0.86271059896131
Ccl5 Vpreb1 -1 M0039 0.771000012342973
Ccl5 Vpreb1 -1 M0039 0.666666666949615
Ccl5 Stat2 -1 M0039 0.396667979944887
Ccl5 Vpreb1 -1 M0039 0.771000000718247
Ccl5 Vpreb1 -1 M0039 0.666666666675893
Ccl5 Stat2 -1 M0039 0.396667460103567
Vpreb1 Vpreb1 -1 M0039 0.801979575521168
Tnfsf12 Mlh1 -1 M0039 0.408708839088259
Tnfsf12 Hfe -1 M0039 0.34251211174847
Tnfsf12 Tnfrsf18 1 M0039 0.3906674422
Tnfsf12 Cxcr5 -1 M0039 0.400334513766667
Tnfsf12 Cd14 -1 M0039 0.4213335586
Tnfsf12 Cd7 1 M0039 0.4920000678
Tnfsf12 Ccl5 1 M0039 0.413000082566667
Mlh1 Slc2a1 1 M0039 0.405696385
Mlh1 Ccr1 -1 M0039 0.441666717133333
Mlh1 Chek2 1 M0039 0.607000004933333
Mlh1 Rb1 -1 M0039 0.5426707749
Mlh1 Irf1 1 M0039 0.407001127533333
Mlh1 Gadd45g -1 M0039 0.387001304066667
Cyba Cyba -1 M0039 0.492658621407894
Cyba Sod2 -1 M0039 0.455356370266667
Cyba Apoe 1 M0039 0.419334625933333
Cyba Cat -1 M0039 0.463333333566667
Cyba Cd14 -1 M0039 0.39676075807536
Cyba Hmox1 1 M0039 0.4560183641
Cyba Fcgr2b -1 M0039 0.395847578668769
Cyba Sod2 -1 M0039 0.455343544333333
Cyba Apoe 1 M0039 0.4193349574
Cyba Cat -1 M0039 0.463333333466667
Cyba Cd14 -1 M0039 0.396804648051694
Cyba Hmox1 1 M0039 0.456016415533333
Cyba Fcgr2b -1 M0039 0.3958248487621
Slc2a1 Slc2a1 -1 M0039 0.7205113068227
Slc2a1 Apoe 1 M0039 0.405000057966667
Slc2a1 Mpo -1 M0039 0.406333440766667
Slc2a1 Stat2 -1 M0039 0.410000024566667
Slc2a1 Apoe 1 M0039 0.405000019933333
Slc2a1 Cxcr5 1 M0039 0.335899539725842
Slc2a1 Mpo -1 M0039 0.4063334066
Slc2a1 Stat2 -1 M0039 0.4100000258
F2r Mc4r -1 M0039 0.6666667601
F2r Ccr1 -1 M0039 0.6666666972
F2r Apoe 1 M0039 0.4076666753
F2r Actb -1 M0039 0.666666670266667
F2r Ccr7 -1 M0039 0.666667072933333
F2r Rb1 -1 M0039 0.389333356233333
F2r Cxcr5 -1 M0039 0.666668103966667
F2r Cd14 -1 M0039 0.933333421133333
F2r Gzma -1 M0039 0.656000018066667
F2r Ccl5 1 M0039 0.6666734577
F2r Ccl5 1 M0039 0.666673698533333
Mc4r Ccr1 1 M0039 0.6666666977
Mc4r Apoe 1 M0039 0.4106666886
Mc4r Actb -1 M0039 0.666666724033333
Mc4r Ccr7 1 M0039 0.6666666957
Mc4r Cxcr5 1 M0039 0.666666691466667
Mc4r Cd14 1 M0039 0.666666666733333
Mc4r Hmox1 1 M0039 0.432000295266667
Mc4r Ccl5 1 M0039 0.6666666689
Mc4r Ccl5 1 M0039 0.666666667866667
Gstm1 Chek2 1 M0039 0.6666724845
Gstm1 Sod2 -1 M0039 0.486666670366667
Gstm1 Gstt1 1 M0039 0.998333775666667
Gstm1 Rb1 1 M0039 0.4086666689
Gstm1 Cat 1 M0039 0.398736925616834
Gstm1 Hmox1 1 M0039 0.541000306833333
Gstm1 Mpo 1 M0039 0.418333345266667
Gstm1 Fcgr2b -1 M0039 0.4173333558
S1pr1 Bad 1 M0039 0.4136666673
S1pr1 Ccr7 1 M0039 0.444666667133333
S1pr1 Cxcr5 1 M0039 0.409666670433333
S1pr1 Sell 1 M0039 0.486666666866667
S1pr1 Ccl5 1 M0039 0.4746666667
Ccr1 Apoe 1 M0039 0.439666766766667
Ccr1 Actb -1 M0039 0.666666670666667
Ccr1 Ccr7 1 M0039 0.717333448733333
Ccr1 Irf1 1 M0039 0.401666686733333
Ccr1 Cxcr5 1 M0039 0.666666686
Ccr1 Cd14 1 M0039 0.771333341666667
Ccr1 Sell 1 M0039 0.3853333363
Ccr1 Fcgr2b -1 M0039 0.417333368833333
Ccr1 Itgb7 1 M0039 0.522333488333333
Ccr1 Ccl5 1 M0039 0.9973333403
Ccr1 Ccl5 1 M0039 0.666666667366667
Pla2g6 Sod2 -1 M0039 0.439000034
Pla2g6 Cat -1 M0039 0.4783333383
Pla2g6 Uchl1 -1 M0039 0.478333334366667
Chek2 Hfe -1 M0039 0.406000014166667
Chek2 Gstt1 -1 M0039 0.6666666671
Chek2 Bak1 -1 M0039 0.4060167898
Chek2 Ccr7 1 M0039 0.406000015266667
Chek2 Rb1 -1 M0039 0.593666666733333
Chek2 Gadd45g -1 M0039 0.4746666772
Sod2 Hfe 1 M0039 0.423667609533333
Sod2 Apoe 1 M0039 0.455666673866667
Sod2 Bad 1 M0039 0.4070011982
Sod2 Ccr7 1 M0039 0.406333447366667
Sod2 Rb1 1 M0039 0.435000041866667
Sod2 Cxcr5 1 M0039 0.409004579366667
Sod2 Cat 1 M0039 0.665666667033333
Sod2 Gadd45g 1 M0039 0.3893378454
Sod2 Hmox1 1 M0039 0.504336364933333
Sod2 Mpo 1 M0039 0.592000045933333
Sod2 Sell 1 M0039 0.4070019497
Sod2 Uchl1 -1 M0039 0.42871832396708
Sod2 Ccl5 1 M0039 0.4076667073
Hfe Apoe 1 M0039 0.41703570123147
Hfe Bak1 -1 M0039 0.407002452733333
Hfe Rb1 1 M0039 0.405334573566667
Hfe Mpo 1 M0039 0.407036293933516
Hfe Cd7 1 M0039 0.666666715466667
Hfe Fcgr2b -1 M0039 0.666670123766667
Hfe Ccl5 1 M0039 0.4080001142
Hfe Vpreb1 -1 M0039 0.666669865633333
Hfe Vpreb1 -1 M0039 0.666669774433333
Apoe Bad -1 M0039 0.4250009127
Apoe Bak1 -1 M0039 0.405000005766667
Apoe Ccr7 -1 M0039 0.425000128666667
Apoe Cat -1 M0039 0.6113333402
Apoe Cd14 -1 M0039 0.415333346733333
Apoe Gzma -1 M0039 0.4053333435
Apoe Hmox1 -1 M0039 0.425333778433333
Apoe Mpo -1 M0039 0.4433333803
Apoe Sell -1 M0039 0.405000001166667
Apoe Fcgr2b -1 M0039 0.406333334633333
Apoe Sepp1 -1 M0039 0.635666735733333
Apoe Ccl5 -1 M0039 0.428666673
Gstt1 Rb1 -1 M0039 0.408666729266667
Gstt1 Hmox1 1 M0039 0.4236849275
Gstt1 Mpo -1 M0039 0.418333556466667
Cd36 Cd14 1 M0039 0.426666689133333
Cd36 Cd7 1 M0039 0.400004584633333
Cd36 Fcgr2b 1 M0039 0.559688185966667
Actb Ccr7 1 M0039 0.6666666758
Actb Cxcr5 1 M0039 0.666666666866667
Actb Cd14 1 M0039 0.742333333733333
Actb Fcgr2b 1 M0039 0.666666672433333
Actb Itgb7 1 M0039 0.600000000433333
Bad Bak1 -1 M0039 0.64224485720408
Bad Ccr7 1 M0039 0.407671028633333
Bad Tnfrsf18 1 M0039 0.407003133066667
Bad Cat -1 M0039 0.4080000005
Bad Fcgr2b -1 M0039 0.448001432833333
Bad Ccl5 1 M0039 0.409333340333333
Bak1 Rb1 1 M0039 0.447000440766667
Bak1 Irf1 1 M0039 0.394020575854843
Bak1 Ccnd3 1 M0039 0.404007696166667
Bak1 Mif 1 M0039 0.340872714048382
Bak1 Itgb7 1 M0039 0.445061736635744
Ccr7 Tnfrsf18 1 M0039 0.417341389166667
Ccr7 Irf1 1 M0039 0.409003377533333
Ccr7 Cxcr5 1 M0039 0.721708519014975
Ccr7 Cat -1 M0039 0.407000028066667
Ccr7 Cd14 -1 M0039 0.7700003483
Ccr7 Gzma 1 M0039 0.4093333464
Ccr7 Sell 1 M0039 0.625072474497186
Ccr7 Ccl5 1 M0039 0.983668717466667
Ccr7 Ccl5 1 M0039 0.666670110666667
Ccr7 Stat2 -1 M0039 0.410666666766667
Rb1 Ccnd3 1 M0039 0.6563334535
Rb1 Cat 1 M0039 0.405666668033333
Rb1 Hmox1 1 M0039 0.4116670227
Rb1 Mpo 1 M0039 0.4053333346
Rb1 Itgb7 1 M0039 0.4063334888
Tnfrsf18 Mpo -1 M0039 0.465333368133333
Tnfrsf18 Sell 1 M0039 0.494490360415425
Tnfrsf18 Cd7 1 M0039 0.491333348066667
Irf1 Cd14 -1 M0039 0.46671352420302
Irf1 Itgb7 -1 M0039 0.443672399695484
Irf1 Ccl5 1 M0039 0.3923342652
Irf1 Stat2 -1 M0039 0.5670000036
Cxcr5 Cd14 -1 M0039 0.771334656333333
Cxcr5 Mif 1 M0039 0.339200119943734
Cxcr5 Sell 1 M0039 0.447364797727787
Cxcr5 Cd7 1 M0039 0.427666904533333
Cxcr5 Ccl5 1 M0039 0.952333600333333
Cxcr5 Ccl5 1 M0039 0.666666887066667
Ccnd3 Itgb7 -1 M0039 0.440667495766667
Cat Hmox1 1 M0039 0.453333470566667
Cat Mpo -1 M0039 0.606333333933333
Cat Uchl1 -1 M0039 0.432333333366667
Cd14 Gzma 1 M0039 0.6666666841
Cd14 Hmox1 1 M0039 0.398700985819556
Cd14 Mpo -1 M0039 0.428666678166667
Cd14 Sell 1 M0039 0.488334169733333
Cd14 Cd7 1 M0039 0.403333333433333
Cd14 Fcgr2b -1 M0039 0.854035184075183
Cd14 Ccl5 1 M0039 0.396000111666667
Gzma Sell 1 M0039 0.431666771666667
Gzma Cd7 1 M0039 0.666666666833333
Gzma Ccl5 1 M0039 0.434008272766667
Gzma Dbp -1 M0039 0.6666666667
Gzma Vpreb1 -1 M0039 0.666666667
Gzma Vpreb1 -1 M0039 0.6666666668
Hmox1 Mpo -1 M0039 0.564668616733333
Hmox1 Sepp1 1 M0039 0.408231648977638
Hmox1 Itgb7 -1 M0039 0.415666785433333
Hmox1 Stat2 -1 M0039 0.383666670433333
Mpo Mpo -1 M0039 0.848202823621149
Mpo Sell 1 M0039 0.444000129433333
Mpo Ccl5 1 M0039 0.4310000178
Mpo Sell 1 M0039 0.444000023466667
Mpo Ccl5 1 M0039 0.431000049
Sell Sell -1 M0039 0.435035674587469
Sell Cd7 -1 M0039 0.412333370766667
Sell Fcgr2b -1 M0039 0.508373585604886
Sell Itgb7 -1 M0039 0.422966900162895
Sell Ccl5 1 M0039 0.4426904601
Sell Cd7 -1 M0039 0.4123334159
Sell Fcgr2b -1 M0039 0.508420416439227
Sell Itgb7 -1 M0039 0.422577284256198
Sell Ccl5 1 M0039 0.442686964
Uchl1 Vpreb1 -1 M0039 0.336869197052262
Uchl1 Vpreb1 -1 M0039 0.336981614107455
Cd7 Fcgr2b -1 M0039 0.666666771433333
Cd7 Ccl5 1 M0039 0.6666667423
Cd7 Ccl5 1 M0039 0.6666667167
Cd7 Vpreb1 -1 M0039 0.666666696033333
Cd7 Vpreb1 -1 M0039 0.666666672266667
Fcgr2b Vpreb1 -1 M0039 0.666666669266667
Fcgr2b Vpreb1 -1 M0039 0.6666666691
Ccl5 Ccl5 -1 M0039 0.86271059896131
Ccl5 Vpreb1 -1 M0039 0.771000012333333
Ccl5 Vpreb1 -1 M0039 0.666666666933333
Ccl5 Stat2 -1 M0039 0.396667979933333
Ccl5 Vpreb1 -1 M0039 0.771000000733333
Ccl5 Vpreb1 -1 M0039 0.666666666666667
Ccl5 Stat2 -1 M0039 0.3966674601
Vpreb1 Vpreb1 -1 M0039 0.801979575521168
