Lepr Igfbp2 -1 M0039 0.439974846676493
Lepr Rxra -1 M0039 0.414953213490297
Lepr Pten 1 M0039 0.405581554330527
Lepr Igfbp3 1 M0039 0.444361103259841
Lepr Npy1r -1 M0039 0.420139322803804
Lepr Ctsh 1 M0039 0.412237226018996
Cckbr Oprd1 1 M0039 0.676825689205735
Cckbr Fshr 1 M0039 0.679090873168471
Cckbr Rxra 1 M0039 0.674884322067122
Mdm2 Oprd1 -1 M0039 0.414341397237047
Mdm2 Lag3 -1 M0039 0.672577081866854
Mdm2 Lhb -1 M0039 0.414633528919303
Mdm2 Pten -1 M0039 0.585011004312534
Mdm2 Igfbp3 -1 M0039 0.38376671480424
Mdm2 Cd7 1 M0039 0.67246650460914
Oprd1 Fshr 1 M0039 0.666673053075749
Oprd1 Rxra 1 M0039 0.7519161524043
Casp9 Birc3 1 M0039 0.996256674696187
Casp9 Birc3 1 M0039 0.686821642029247
Fshr Igfbp2 -1 M0039 0.450797556239823
Fshr Lhb 1 M0039 0.840250248106443
Fshr Lhb 1 M0039 0.679670210812865
Fshr Igfbp3 1 M0039 0.398853140110747
Fshr Npy1r -1 M0039 0.384989983192142
Igfbp2 Lhb 1 M0039 0.678342993353321
Igfbp2 Lhb 1 M0039 0.680497100002697
Igfbp2 Pten 1 M0039 0.624037149442879
Igfbp2 Igfbp3 1 M0039 0.727148942502256
Gstt1 Gpx1 1 M0039 0.635577915179108
Gstt1 Birc3 1 M0039 0.425442527341749
Gstt1 Gstt2 1 M0039 0.975900941699742
Rxra Gpx1 1 M0039 0.400395989254562
Rxra Birc3 1 M0039 0.666675140477859
Rxra Birc3 1 M0039 0.666706039326627
Lag3 Lhb -1 M0039 0.668646405403537
Lag3 Lhb -1 M0039 0.668254654460317
Lag3 Tnfrsf4 1 M0039 0.667726008777438
Lag3 Cd7 1 M0039 0.672191977913257
Lhb Lhb -1 M0039 0.672450686931057
Lhb Igfbp3 1 M0039 0.66848629230069
Lhb Hsd17b1 1 M0039 0.520060127030854
Lhb Npy1r -1 M0039 0.425081821111355
Lhb Cd7 1 M0039 0.677535044733179
Lhb Igfbp3 1 M0039 0.666750754778225
Lhb Hsd17b1 1 M0039 0.518382846505318
Lhb Npy1r -1 M0039 0.421830792851136
Lhb Cd7 1 M0039 0.678176975383055
Pten Il10ra 1 M0039 0.406024816703531
Pten Birc3 1 M0039 0.385333598704596
Pten Npy1r -1 M0039 0.432516479748198
Gpx1 Gstt2 -1 M0039 0.63497695717426
Gpx1 Uchl1 -1 M0039 0.39868571172434
Il10ra Tnfrsf4 -1 M0039 0.521592118708551
Il10ra Tnfrsf4 -1 M0039 0.520921054902074
Birc3 Birc3 -1 M0039 0.739184499291153
Tnfrsf4 Cd7 1 M0039 0.777601901891161
Lepr Oprd1 -1 M0039 0.343617230071033
Lepr Casp9 1 M0039 0.343873276159508
Lepr Igfbp2 -1 M0039 0.439974846676493
Lepr Rxra -1 M0039 0.414953213490297
Lepr Pten 1 M0039 0.405581554330527
Lepr Igfbp3 1 M0039 0.444361103259841
Lepr Npy1r -1 M0039 0.420139322803804
Lepr Npy1r -1 M0039 0.344265992445384
Lepr Ctsh 1 M0039 0.412237226018996
Lepr Galr3 1 M0039 0.342776291618183
Cckbr Oprd1 1 M0039 0.676825689205735
Cckbr Fshr 1 M0039 0.679090873168471
Cckbr Rxra 1 M0039 0.674884322067122
Cckbr Lhb 1 M0039 0.344237403981906
Cckbr Igfbp3 1 M0039 0.343817018766632
Cckbr Npy1r -1 M0039 0.34790493196805
Mdm2 Oprd1 -1 M0039 0.414341397233333
Mdm2 Casp9 -1 M0039 0.343555480528619
Mdm2 Fshr -1 M0039 0.346898889748653
Mdm2 Igfbp2 -1 M0039 0.343006493145629
Mdm2 Lag3 -1 M0039 0.672577081866854
Mdm2 Lhb -1 M0039 0.414633528919303
Mdm2 Pten -1 M0039 0.5850110043
Mdm2 Igfbp3 -1 M0039 0.38376671480424
Mdm2 Il10ra -1 M0039 0.342918061253896
Mdm2 Birc3 1 M0039 0.361178037781934
Mdm2 Birc3 1 M0039 0.36388206263159
Mdm2 Gstt2 -1 M0039 0.344727127752254
Mdm2 Cd7 1 M0039 0.67246650460914
Mdm2 Galr3 -1 M0039 0.345314632362658
Oprd1 Fshr 1 M0039 0.666673053066667
Oprd1 Gstt1 1 M0039 0.376787975509444
Oprd1 Rxra 1 M0039 0.7519161524043
Oprd1 Pten 1 M0039 0.381649557471513
Oprd1 Igfbp3 1 M0039 0.412444108162832
Oprd1 Hsd17b1 1 M0039 0.421770697465053
Oprd1 Npy1r -1 M0039 0.417424842432755
Oprd1 Npy1r -1 M0039 0.417431184218676
Oprd1 Uchl1 1 M0039 0.401597777803583
Casp9 Fshr -1 M0039 0.359443782153343
Casp9 Igfbp2 -1 M0039 0.351020514337154
Casp9 Birc3 1 M0039 0.996256674696187
Casp9 Birc3 1 M0039 0.686821642029247
Casp9 Cd7 1 M0039 0.342767745857826
Casp9 Galr3 -1 M0039 0.354903282793213
Fshr Igfbp2 -1 M0039 0.450797556239823
Fshr Lag3 1 M0039 0.344817968288429
Fshr Lhb 1 M0039 0.840250248106443
Fshr Lhb 1 M0039 0.679670210812865
Fshr Gpx1 1 M0039 0.34660595867198
Fshr Igfbp3 1 M0039 0.398853140110747
Fshr Il10ra 1 M0039 0.342989991949241
Fshr Birc3 1 M0039 0.361230694260531
Fshr Birc3 1 M0039 0.360379697685091
Fshr Npy1r -1 M0039 0.384989983192142
Fshr Cd7 1 M0039 0.356757087667012
Fshr Galr3 1 M0039 0.363045185217575
Igfbp2 Lhb 1 M0039 0.678342993353321
Igfbp2 Lhb 1 M0039 0.680497100002697
Igfbp2 Pten 1 M0039 0.624037149442879
Igfbp2 Igfbp3 1 M0039 0.727148942502256
Igfbp2 Birc3 1 M0039 0.350614883757646
Igfbp2 Birc3 1 M0039 0.348308803665028
Igfbp2 Cd7 1 M0039 0.354616179564017
Igfbp2 Galr3 1 M0039 0.359928944699483
Gstt1 Rxra -1 M0039 0.35442175850971
Gstt1 Gpx1 1 M0039 0.635577915179108
Gstt1 Igfbp3 -1 M0039 0.346648504272599
Gstt1 Birc3 1 M0039 0.425442527341749
Gstt1 Gstt2 1 M0039 0.975900941699742
Gstt1 Hsd17b1 1 M0039 0.369877787472912
Gstt1 Npy1r -1 M0039 0.356004377882695
Gstt1 Npy1r -1 M0039 0.353885018474813
Rxra Pten 1 M0039 0.370474746100281
Rxra Gpx1 1 M0039 0.400395989254562
Rxra Igfbp3 1 M0039 0.388048937559979
Rxra Birc3 1 M0039 0.666675140466667
Rxra Birc3 1 M0039 0.666706039326627
Rxra Hsd17b1 1 M0039 0.405485838496387
Rxra Npy1r -1 M0039 0.39930910789868
Rxra Npy1r -1 M0039 0.392834931777349
Rxra Uchl1 1 M0039 0.382499606350101
Lag3 Lhb -1 M0039 0.668646405403537
Lag3 Lhb -1 M0039 0.668254654460317
Lag3 Birc3 1 M0039 0.346265932196388
Lag3 Birc3 1 M0039 0.344732108714934
Lag3 Tnfrsf4 1 M0039 0.667726008777438
Lag3 Cd7 1 M0039 0.672191977913257
Lhb Lhb -1 M0039 0.672450686931057
Lhb Igfbp3 1 M0039 0.66848629230069
Lhb Hsd17b1 1 M0039 0.520060127030854
Lhb Npy1r -1 M0039 0.425081821111355
Lhb Cd7 1 M0039 0.677535044733179
Lhb Galr3 -1 M0039 0.343289654035914
Lhb Igfbp3 1 M0039 0.666750754778225
Lhb Hsd17b1 1 M0039 0.518382846505318
Lhb Npy1r -1 M0039 0.421830792851136
Lhb Cd7 1 M0039 0.678176975383055
Pten Igfbp3 1 M0039 0.366255564174218
Pten Il10ra 1 M0039 0.4060248167
Pten Birc3 1 M0039 0.3853335987
Pten Hsd17b1 1 M0039 0.373402959638403
Pten Npy1r -1 M0039 0.432516479748198
Pten Npy1r -1 M0039 0.37461507405272
Gpx1 Gstt2 -1 M0039 0.63497695717426
Gpx1 Uchl1 -1 M0039 0.398685711733333
Igfbp3 Hsd17b1 1 M0039 0.400742209617975
Igfbp3 Npy1r -1 M0039 0.401428760736402
Igfbp3 Npy1r -1 M0039 0.392718425019468
Igfbp3 Uchl1 -1 M0039 0.386655315325183
Il10ra Il10ra -1 M0039 0.446525265302266
Il10ra Birc3 1 M0039 0.348496274640444
Il10ra Birc3 1 M0039 0.348060127008844
Il10ra Tnfrsf4 -1 M0039 0.521592118708551
Il10ra Birc3 1 M0039 0.345961948522433
Il10ra Birc3 1 M0039 0.346374178823476
Il10ra Tnfrsf4 -1 M0039 0.520921054902074
Birc3 Birc3 -1 M0039 0.739184499291153
Birc3 Tnfrsf4 -1 M0039 0.348581930244168
Birc3 Cd7 -1 M0039 0.346699551000907
Birc3 Galr3 -1 M0039 0.358154918943739
Birc3 Tnfrsf4 -1 M0039 0.344516601470181
Birc3 Cd7 -1 M0039 0.344467127933146
Birc3 Galr3 -1 M0039 0.353704777009778
Hsd17b1 Npy1r -1 M0039 0.408632051555227
Hsd17b1 Npy1r -1 M0039 0.405827758213281
Hsd17b1 Uchl1 -1 M0039 0.392831391958566
Npy1r Npy1r -1 M0039 0.401079322425221
Npy1r Uchl1 1 M0039 0.397948515033334
Npy1r Uchl1 1 M0039 0.386442821378001
Tnfrsf4 Cd7 1 M0039 0.777601901891161
Cd7 Galr3 -1 M0039 0.350048952221578
