Cdkn1a Cdkn1a -1 M0039 0.715591985012535
Cdkn1a Cebpb 1 M0039 0.436539937635559
Cdkn1a Nr4a1 -1 M0039 0.397872666302326
Cdkn1a Ccl2 -1 M0039 0.438140014199396
Cdkn1a Cebpb 1 M0039 0.436287309550871
Cdkn1a Nr4a1 -1 M0039 0.398005622487104
Cdkn1a Ccl2 -1 M0039 0.438623145457989
Tnfaip3 Tnfaip3 -1 M0039 0.762718051500316
Cebpb Cebpb -1 M0039 0.893876577391706
Cebpb Nr4a1 -1 M0039 0.627709810208388
Cebpb Nr4a1 -1 M0039 0.628261233306089
Gem Nr4a1 -1 M0039 0.416461132118572
Nr4a1 Ifrd1 -1 M0039 0.400150708928314
Ccl2 Ccl2 -1 M0039 0.716142665687036
Cdkn1a Cdkn1a -1 M0039 0.715591985012535
Cdkn1a Cebpb 1 M0039 0.436539937635559
Cdkn1a Nr4a1 -1 M0039 0.397872666302326
Cdkn1a Ccl2 -1 M0039 0.438140014199396
Cdkn1a Cebpb 1 M0039 0.436287309550871
Cdkn1a Nr4a1 -1 M0039 0.398005622487104
Cdkn1a Ccl2 -1 M0039 0.438623145457989
Tnfaip3 Tnfaip3 -1 M0039 0.762718051500316
Cebpb Cebpb -1 M0039 0.893876577391706
Cebpb Nr4a1 -1 M0039 0.627709810208388
Cebpb Nr4a1 -1 M0039 0.628261233306089
Gem Nr4a1 -1 M0039 0.416461132118572
Gem Ccl2 -1 M0039 0.377765637696969
Nr4a1 Ccl2 1 M0039 0.445132238870804
Nr4a1 Ifrd1 -1 M0039 0.400150708928314
Ccl2 Ccl2 -1 M0039 0.716142665687036
Cdkn1a Cdkn1a -1 M0039 0.715591985012535
Cdkn1a Cebpb 1 M0039 0.436539937635559
Cdkn1a Nr4a1 -1 M0039 0.397872666302326
Cdkn1a Ccl2 -1 M0039 0.438140014199396
Cdkn1a Cebpb 1 M0039 0.436287309550871
Cdkn1a Nr4a1 -1 M0039 0.398005622487104
Cdkn1a Ccl2 -1 M0039 0.438623145457989
Tnfaip3 Tnfaip3 -1 M0039 0.762718051500316
Cebpb Cebpb -1 M0039 0.893876577391706
Cebpb Nr4a1 -1 M0039 0.627709810208388
Cebpb Nr4a1 -1 M0039 0.628261233306089
Gem Nr4a1 -1 M0039 0.416461132118572
Gem Ccl2 -1 M0039 0.377765637696969
Nr4a1 Ccl2 1 M0039 0.445132238870804
Nr4a1 Ifrd1 -1 M0039 0.400150708928314
Ccl2 Ccl2 -1 M0039 0.716142665687036
